[2022-06-14T12:08:54.974Z]: Listening for event ready 
[2022-06-14T12:08:55.772Z]: [Discord - Wombot]: Logged in as <986215798781661184> Kiekkokyyläjä#4406 
[2022-06-14T12:14:41.879Z]: Listening for event interactionCreate 
[2022-06-14T12:14:42.005Z]: Listening for event ready 
[2022-06-14T12:14:42.642Z]: [Discord - Wombot]: Logged in as <986215798781661184> Kiekkokyyläjä#4406 
[2022-06-14T12:14:42.645Z]: Error: ENOENT: no such file or directory, scandir '../commands' 
[2022-06-14T12:15:21.272Z]: Listening for event interactionCreate 
[2022-06-14T12:15:21.393Z]: Listening for event ready 
[2022-06-14T12:15:22.030Z]: [Discord - Wombot]: Logged in as <986215798781661184> Kiekkokyyläjä#4406 
[2022-06-14T12:15:22.035Z]: Error: Received one or more errors 
[2022-06-14T12:16:30.381Z]: Listening for event interactionCreate 
[2022-06-14T12:16:30.502Z]: Listening for event ready 
[2022-06-14T12:16:31.153Z]: [Discord - Wombot]: Logged in as <986215798781661184> Kiekkokyyläjä#4406 
[2022-06-14T12:16:31.159Z]: Error: Received one or more errors 
[2022-06-14T12:17:38.866Z]: Listening for event interactionCreate 
[2022-06-14T12:17:38.989Z]: Listening for event ready 
[2022-06-14T12:17:39.678Z]: [Discord - Wombot]: Logged in as <986215798781661184> Kiekkokyyläjä#4406 
[2022-06-14T12:17:39.681Z]: Started refreshing application <986215798781661184> (/) commands. 
[2022-06-14T12:17:39.930Z]: Successfully reloaded application (/) commands. 
[2022-06-14T16:05:13.158Z]: Listening for event interactionCreate 
[2022-06-14T16:05:15.761Z]: Listening for event ready 
[2022-06-14T16:05:16.601Z]: [Discord - Wombot]: Logged in as <986215798781661184> Kiekkokyyläjä#4406 
[2022-06-14T16:05:16.605Z]: Started refreshing application <986215798781661184> (/) commands. 
[2022-06-14T16:05:16.857Z]: Successfully reloaded application (/) commands. 
[2022-06-14T16:10:50.496Z]: Listening for event interactionCreate 
[2022-06-14T16:10:50.619Z]: Listening for event ready 
[2022-06-14T16:10:51.485Z]: [Discord - Wombot]: Logged in as <986215798781661184> Kiekkokyylääjä#4406 
[2022-06-14T16:10:51.488Z]: Started refreshing application <986215798781661184> (/) commands. 
[2022-06-14T16:10:51.720Z]: Successfully reloaded application (/) commands. 
[2022-06-14T16:11:15.142Z]: Listening for event interactionCreate 
[2022-06-14T16:11:15.263Z]: Listening for event ready 
[2022-06-14T16:11:15.986Z]: [Discord - Wombot]: Logged in as <986215798781661184> Kiekkokyylääjä#4406 
[2022-06-14T16:11:15.989Z]: Started refreshing application <986215798781661184> (/) commands. 
[2022-06-14T16:11:16.278Z]: Successfully reloaded application (/) commands. 
[2022-06-14T16:11:24.969Z]: [Discord]: null is executing command valvo 
[2022-06-14T16:12:33.605Z]: Listening for event interactionCreate 
[2022-06-14T16:12:33.728Z]: Listening for event ready 
[2022-06-14T16:12:34.481Z]: [Discord]: Logged in as <986215798781661184> Kiekkokyylääjä#4406 
[2022-06-14T16:12:34.484Z]: Started refreshing application <986215798781661184> (/) commands. 
[2022-06-14T16:12:34.743Z]: Successfully reloaded application (/) commands. 
[2022-06-14T16:13:09.506Z]: [Discord]: null is executing command valvo 
[2022-06-14T16:14:10.718Z]: [Discord]: Listening for event interactionCreate 
[2022-06-14T16:14:10.844Z]: [Discord]: Listening for event ready 
[2022-06-14T16:14:11.763Z]: [Discord]: Logged in as <986215798781661184> Kiekkokyylääjä#4406 
[2022-06-14T16:14:11.766Z]: [Discord]: Started refreshing application <986215798781661184> (/) commands. 
[2022-06-14T16:14:12.061Z]: [Discord]: Successfully reloaded application (/) commands. 
[2022-06-14T16:14:22.207Z]: [Discord]: null is executing command valvo 
[2022-06-14T16:14:58.790Z]: [Discord]: Listening for event interactionCreate 
[2022-06-14T16:14:58.914Z]: [Discord]: Listening for event ready 
[2022-06-14T16:14:59.708Z]: [Discord]: Logged in as <986215798781661184> Kiekkokyylääjä#4406 
[2022-06-14T16:14:59.711Z]: [Discord]: Started refreshing application <986215798781661184> (/) commands. 
[2022-06-14T16:14:59.947Z]: [Discord]: Successfully reloaded application (/) commands. 
[2022-06-14T16:15:08.483Z]: [Discord]: null is executing command valvo 
[2022-06-14T16:16:06.588Z]: [Discord]: Listening for event interactionCreate 
[2022-06-14T16:16:06.712Z]: [Discord]: Listening for event ready 
[2022-06-14T16:16:07.593Z]: [Discord]: Logged in as <986215798781661184> Kiekkokyylääjä#4406 
[2022-06-14T16:16:07.596Z]: [Discord]: Started refreshing application <986215798781661184> (/) commands. 
[2022-06-14T16:16:07.880Z]: [Discord]: Successfully reloaded application (/) commands. 
[2022-06-14T16:16:18.969Z]: [Discord]: null is executing command valvo 
[2022-06-14T16:20:07.113Z]: [Discord]: Listening for event interactionCreate 
[2022-06-14T16:20:07.236Z]: [Discord]: Listening for event ready 
[2022-06-14T16:20:07.946Z]: [Discord]: Logged in as <986215798781661184> Kiekkokyylääjä#4406 
[2022-06-14T16:20:07.948Z]: [Discord]: Started refreshing application <986215798781661184> (/) commands. 
[2022-06-14T16:20:08.191Z]: [Discord]: Successfully reloaded application (/) commands. 
[2022-06-14T16:20:24.454Z]: [Discord]: null is executing command valvo 
[2022-06-14T16:21:24.806Z]: [Discord]: Listening for event interactionCreate 
[2022-06-14T16:21:24.939Z]: [Discord]: Listening for event ready 
[2022-06-14T16:21:25.783Z]: [Discord]: Logged in as <986215798781661184> Kiekkokyylääjä#4406 
[2022-06-14T16:21:25.785Z]: [Discord]: Started refreshing application <986215798781661184> (/) commands. 
[2022-06-14T16:21:26.068Z]: [Discord]: Successfully reloaded application (/) commands. 
[2022-06-14T16:21:35.569Z]: [Discord]: null is executing command valvo 
[2022-06-14T16:21:35.571Z]: [Discord]: null is executing command undefined 
[2022-06-14T16:21:35.905Z]: No Database connection 
[2022-06-14T16:26:16.068Z]: [Discord]: Listening for event interactionCreate 
[2022-06-14T16:26:18.352Z]: [Discord]: Listening for event ready 
[2022-06-14T16:26:19.132Z]: [Discord]: Logged in as <986215798781661184> Kiekkokyylääjä#4406 
[2022-06-14T16:26:19.133Z]: [Discord]: Started refreshing application <986215798781661184> (/) commands. 
[2022-06-14T16:26:19.394Z]: [Discord]: Successfully reloaded application (/) commands. 
[2022-06-14T16:26:33.572Z]: [Discord]: Sunquist is executing command valvo 
[2022-06-14T16:26:33.575Z]: [Discord]: Sunquist is executing command undefined 
[2022-06-14T16:26:33.793Z]: No Database connection 
[2022-06-14T16:28:57.608Z]: [Discord]: Listening for event interactionCreate 
[2022-06-14T16:28:57.734Z]: [Discord]: Listening for event ready 
[2022-06-14T16:28:58.513Z]: [Discord]: Logged in as <986215798781661184> Kiekkokyylääjä#4406 
[2022-06-14T16:28:58.514Z]: [Discord]: Started refreshing application <986215798781661184> (/) commands. 
[2022-06-14T16:28:58.773Z]: [Discord]: Successfully reloaded application (/) commands. 
[2022-06-14T16:29:13.329Z]: [Discord]: Sunquist#149583087859138560 is executing command valvo 
[2022-06-14T16:29:13.519Z]: No Database connection 
[2022-06-14T16:30:46.899Z]: [Discord]: Listening for event interactionCreate 
[2022-06-14T16:30:47.019Z]: [Discord]: Listening for event ready 
[2022-06-14T16:30:47.905Z]: [Discord]: Logged in as <986215798781661184> Kiekkokyylääjä#4406 
[2022-06-14T16:30:47.906Z]: [Discord]: Started refreshing application <986215798781661184> (/) commands. 
[2022-06-14T16:30:48.204Z]: [Discord]: Successfully reloaded application (/) commands. 
[2022-06-14T16:30:54.732Z]: [Discord]: Sunquist#149583087859138560 is executing command valvo 
[2022-06-14T16:30:54.967Z]: No Database connection 
[2022-06-14T16:31:36.200Z]: [Discord]: Sunquist#149583087859138560 is executing command valvo 
[2022-06-14T16:31:36.436Z]: No Database connection 
[2022-06-14T16:34:07.084Z]: [Discord]: Listening for event interactionCreate 
[2022-06-14T16:34:07.208Z]: [Discord]: Listening for event ready 
[2022-06-14T16:34:08.110Z]: [Discord]: Logged in as <986215798781661184> Kiekkokyylääjä#4406 
[2022-06-14T16:34:08.111Z]: [Discord]: Started refreshing application <986215798781661184> (/) commands. 
[2022-06-14T16:34:08.353Z]: [Discord]: Successfully reloaded application (/) commands. 
[2022-06-14T16:34:18.372Z]: [Discord]: Sunquist#149583087859138560 is executing command valvo 
[2022-06-14T16:34:18.594Z]: No Database connection 
[2022-06-14T16:34:44.523Z]: [Discord]: Listening for event interactionCreate 
[2022-06-14T16:34:44.647Z]: [Discord]: Listening for event ready 
[2022-06-14T16:34:45.398Z]: [Discord]: Logged in as <986215798781661184> Kiekkokyylääjä#4406 
[2022-06-14T16:34:45.399Z]: [Discord]: Started refreshing application <986215798781661184> (/) commands. 
[2022-06-14T16:34:45.679Z]: [Discord]: Successfully reloaded application (/) commands. 
[2022-06-14T16:34:52.183Z]: [Discord]: Sunquist#149583087859138560 is executing command valvo 
[2022-06-14T16:34:52.393Z]: No Database connection 
[2022-06-14T16:36:20.018Z]: [Discord]: Sunquist#149583087859138560 is executing command valvo 
[2022-06-14T16:36:20.335Z]: No Database connection 
[2022-06-14T16:39:32.977Z]: [Discord]: Listening for event interactionCreate 
[2022-06-14T16:39:33.099Z]: [Discord]: Listening for event ready 
[2022-06-14T16:39:33.942Z]: [Discord]: Logged in as <986215798781661184> Kiekkokyylääjä#4406 
[2022-06-14T16:39:33.943Z]: [Discord]: Started refreshing application <986215798781661184> (/) commands. 
[2022-06-14T16:39:34.185Z]: [Discord]: Successfully reloaded application (/) commands. 
[2022-06-14T16:39:41.459Z]: [Discord]: Sunquist#149583087859138560 is executing command valvo 
[2022-06-14T16:39:41.649Z]: Virhe: Valittu kanava ei ole tekstikanva 
[2022-06-14T16:41:32.811Z]: [Discord]: Listening for event interactionCreate 
[2022-06-14T16:41:32.933Z]: [Discord]: Listening for event ready 
[2022-06-14T16:41:33.631Z]: [Discord]: Logged in as <986215798781661184> Kiekkokyylääjä#4406 
[2022-06-14T16:41:33.632Z]: [Discord]: Started refreshing application <986215798781661184> (/) commands. 
[2022-06-14T16:41:33.913Z]: [Discord]: Successfully reloaded application (/) commands. 
[2022-06-14T16:41:43.941Z]: [Discord]: Sunquist#149583087859138560 is executing command valvo 
[2022-06-14T16:41:53.711Z]: [Discord]: Sunquist#149583087859138560 is executing command valvo 
[2022-06-14T16:41:53.915Z]: options is not defined 
[2022-06-14T16:42:30.613Z]: [Discord]: Listening for event interactionCreate 
[2022-06-14T16:42:30.736Z]: [Discord]: Listening for event ready 
[2022-06-14T16:42:31.522Z]: [Discord]: Logged in as <986215798781661184> Kiekkokyylääjä#4406 
[2022-06-14T16:42:31.524Z]: [Discord]: Started refreshing application <986215798781661184> (/) commands. 
[2022-06-14T16:42:31.800Z]: [Discord]: Successfully reloaded application (/) commands. 
[2022-06-14T16:42:37.620Z]: [Discord]: Sunquist#149583087859138560 is executing command valvo 
[2022-06-14T16:43:23.106Z]: [Discord]: Sunquist#149583087859138560 is executing command valvo 
[2022-06-14T16:43:32.862Z]: [Discord]: Listening for event interactionCreate 
[2022-06-14T16:43:32.987Z]: [Discord]: Listening for event ready 
[2022-06-14T16:43:34.172Z]: [Discord]: Logged in as <986215798781661184> Kiekkokyylääjä#4406 
[2022-06-14T16:43:34.173Z]: [Discord]: Started refreshing application <986215798781661184> (/) commands. 
[2022-06-14T16:43:34.460Z]: [Discord]: Successfully reloaded application (/) commands. 
[2022-06-14T16:43:45.764Z]: [Discord]: Sunquist#149583087859138560 is executing command valvo 
[2022-06-14T16:44:16.168Z]: [Discord]: Sunquist#149583087859138560 is executing command valvo 
[2022-06-14T16:46:10.364Z]: [Discord]: Listening for event interactionCreate 
[2022-06-14T16:46:10.495Z]: [Discord]: Listening for event ready 
[2022-06-14T16:46:11.776Z]: [Discord]: Logged in as <986215798781661184> Kiekkokyylääjä#4406 
[2022-06-14T16:46:11.778Z]: [Discord]: Started refreshing application <986215798781661184> (/) commands. 
[2022-06-14T16:46:12.010Z]: [Discord]: Successfully reloaded application (/) commands. 
[2022-06-14T16:46:17.280Z]: [Discord]: Sunquist#149583087859138560 is executing command valvo 
[2022-06-14T16:46:24.451Z]: [Discord]: Sunquist#149583087859138560 is executing command valvo 
[2022-06-14T16:51:52.375Z]: [Discord]: Listening for event interactionCreate 
[2022-06-14T16:51:52.499Z]: [Discord]: Listening for event ready 
[2022-06-14T16:51:53.324Z]: [Discord]: Logged in as <986215798781661184> Kiekkokyylääjä#4406 
[2022-06-14T16:51:53.326Z]: [Discord]: Started refreshing application <986215798781661184> (/) commands. 
[2022-06-14T16:51:53.584Z]: [Discord]: Successfully reloaded application (/) commands. 
[2022-06-14T16:54:10.099Z]: [Discord]: Listening for event interactionCreate 
[2022-06-14T16:54:10.218Z]: [Discord]: Listening for event ready 
[2022-06-14T16:54:10.953Z]: [Discord]: Logged in as <986215798781661184> Kiekkokyylääjä#4406 
[2022-06-14T16:54:10.954Z]: [Discord]: Started refreshing application <986215798781661184> (/) commands. 
[2022-06-14T16:54:11.190Z]: [Discord]: Successfully reloaded application (/) commands. 
[2022-06-14T16:54:38.520Z]: [Discord]: Listening for event interactionCreate 
[2022-06-14T16:54:38.639Z]: [Discord]: Listening for event ready 
[2022-06-14T16:54:39.383Z]: [Discord]: Logged in as <986215798781661184> Kiekkokyylääjä#4406 
[2022-06-14T16:54:39.385Z]: [Discord]: Started refreshing application <986215798781661184> (/) commands. 
[2022-06-14T16:54:39.756Z]: [Discord]: Successfully reloaded application (/) commands. 
[2022-06-14T16:54:48.003Z]: [Discord]: Sunquist#Sunquist#1337[149583087859138560] is executing command valvo 
[2022-06-14T18:08:17.051Z]: [Discord]: Listening for event interactionCreate 
[2022-06-14T18:08:19.333Z]: [Discord]: Listening for event ready 
[2022-06-14T18:08:20.216Z]: [Discord]: Logged in as <986215798781661184> Kiekkokyylääjä#4406 
[2022-06-14T18:08:20.217Z]: [Discord]: Started refreshing application <986215798781661184> (/) commands. 
[2022-06-14T18:08:20.489Z]: [Discord]: Successfully reloaded application (/) commands. 
[2022-06-14T18:08:44.200Z]: [Discord]: Listening for event interactionCreate 
[2022-06-14T18:08:44.323Z]: [Discord]: Listening for event ready 
[2022-06-14T18:08:44.325Z]: [SCHEDULE-MDS]: Registering schedule job 
[2022-06-14T18:08:45.106Z]: [Discord]: Logged in as <986215798781661184> Kiekkokyylääjä#4406 
[2022-06-14T18:08:45.108Z]: [Discord]: Started refreshing application <986215798781661184> (/) commands. 
[2022-06-14T18:08:45.396Z]: [Discord]: Successfully reloaded application (/) commands. 
[2022-06-14T18:09:00.017Z]: [SCHEDULE-MDS]: Checking discgolf stores 
[2022-06-14T18:09:21.437Z]: [Discord]: Listening for event interactionCreate 
[2022-06-14T18:09:21.557Z]: [Discord]: Listening for event ready 
[2022-06-14T18:09:21.558Z]: [SCHEDULE-MDS]: Registering schedule job 
[2022-06-14T18:09:22.413Z]: [Discord]: Logged in as <986215798781661184> Kiekkokyylääjä#4406 
[2022-06-14T18:09:22.415Z]: [Discord]: Started refreshing application <986215798781661184> (/) commands. 
[2022-06-14T18:09:22.663Z]: [Discord]: Successfully reloaded application (/) commands. 
[2022-06-14T18:10:00.005Z]: [SCHEDULE-MDS]: Checking discgolf stores 
[2022-06-14T18:10:52.058Z]: [Discord]: Listening for event interactionCreate 
[2022-06-14T18:10:52.173Z]: [Discord]: Listening for event ready 
[2022-06-14T18:10:52.173Z]: [SCHEDULE-MDS]: Registering schedule job 
[2022-06-14T18:10:52.994Z]: [Discord]: Logged in as <986215798781661184> Kiekkokyylääjä#4406 
[2022-06-14T18:10:52.995Z]: [Discord]: Started refreshing application <986215798781661184> (/) commands. 
[2022-06-14T18:10:53.298Z]: [Discord]: Successfully reloaded application (/) commands. 
[2022-06-14T18:11:00.017Z]: [SCHEDULE-MDS]: Checking discgolf stores 
[2022-06-14T18:13:28.526Z]: [Discord]: Listening for event interactionCreate 
[2022-06-14T18:13:28.649Z]: [Discord]: Listening for event ready 
[2022-06-14T18:13:28.650Z]: [SCHEDULE-MDS]: Registering schedule job 
[2022-06-14T18:13:29.453Z]: [Discord]: Logged in as <986215798781661184> Kiekkokyylääjä#4406 
[2022-06-14T18:13:29.454Z]: [Discord]: Started refreshing application <986215798781661184> (/) commands. 
[2022-06-14T18:13:29.709Z]: [Discord]: Successfully reloaded application (/) commands. 
[2022-06-14T18:14:00.017Z]: [SCHEDULE-MDS]: Checking discgolf stores 
[2022-06-14T18:14:00.138Z]: Could not handle store creeping for category POWERGRIP-UUDET 
[2022-06-14T18:14:00.138Z]: Could not handle store creeping for category POWERGRIP-TULOSSA 
[2022-06-14T18:14:59.523Z]: [Discord]: Listening for event interactionCreate 
[2022-06-14T18:14:59.641Z]: [Discord]: Listening for event ready 
[2022-06-14T18:14:59.642Z]: [SCHEDULE-MDS]: Registering schedule job 
[2022-06-14T18:15:00.008Z]: [SCHEDULE-MDS]: Checking discgolf stores 
[2022-06-14T18:15:00.129Z]: Could not handle store creeping for category POWERGRIP-UUDET 
[2022-06-14T18:15:00.130Z]: Could not handle store creeping for category POWERGRIP-TULOSSA 
[2022-06-14T18:15:00.685Z]: [Discord]: Logged in as <986215798781661184> Kiekkokyylääjä#4406 
[2022-06-14T18:15:00.686Z]: [Discord]: Started refreshing application <986215798781661184> (/) commands. 
[2022-06-14T18:15:00.982Z]: [Discord]: Successfully reloaded application (/) commands. 
[2022-06-14T18:15:42.173Z]: [Discord]: Listening for event interactionCreate 
[2022-06-14T18:15:42.292Z]: [Discord]: Listening for event ready 
[2022-06-14T18:15:42.293Z]: [SCHEDULE-MDS]: Registering schedule job 
[2022-06-14T18:15:43.017Z]: [Discord]: Logged in as <986215798781661184> Kiekkokyylääjä#4406 
[2022-06-14T18:15:43.019Z]: [Discord]: Started refreshing application <986215798781661184> (/) commands. 
[2022-06-14T18:15:43.263Z]: [Discord]: Successfully reloaded application (/) commands. 
[2022-06-14T18:16:00.016Z]: [SCHEDULE-MDS]: Checking discgolf stores 
[2022-06-14T18:16:00.123Z]: [schedule]: Creeping category INNOVASTORE-SPECIALS 
[2022-06-14T18:16:00.132Z]: [schedule]: Creeping category INNOVASTORE-NEW 
[2022-06-14T18:16:00.136Z]: Could not handle store creeping for category POWERGRIP-UUDET 
[2022-06-14T18:16:00.137Z]: Could not handle store creeping for category POWERGRIP-TULOSSA 
[2022-06-14T18:16:32.769Z]: [Discord]: Listening for event interactionCreate 
[2022-06-14T18:16:32.886Z]: [Discord]: Listening for event ready 
[2022-06-14T18:16:32.886Z]: [SCHEDULE-MDS]: Registering schedule job 
[2022-06-14T18:16:33.664Z]: [Discord]: Logged in as <986215798781661184> Kiekkokyylääjä#4406 
[2022-06-14T18:16:33.665Z]: [Discord]: Started refreshing application <986215798781661184> (/) commands. 
[2022-06-14T18:16:33.899Z]: [Discord]: Successfully reloaded application (/) commands. 
[2022-06-14T18:17:28.921Z]: [Discord]: Listening for event interactionCreate 
[2022-06-14T18:17:29.037Z]: [Discord]: Listening for event ready 
[2022-06-14T18:17:29.038Z]: [SCHEDULE-MDS]: Registering schedule job 
[2022-06-14T18:17:29.941Z]: [Discord]: Logged in as <986215798781661184> Kiekkokyylääjä#4406 
[2022-06-14T18:17:29.942Z]: [Discord]: Started refreshing application <986215798781661184> (/) commands. 
[2022-06-14T18:17:30.196Z]: [Discord]: Successfully reloaded application (/) commands. 
[2022-06-14T18:18:00.012Z]: [SCHEDULE-MDS]: Checking discgolf stores 
[2022-06-14T18:18:00.122Z]: [schedule]: Creeping category INNOVASTORE-SPECIALS 
[2022-06-14T18:18:00.131Z]: [schedule]: Creeping category INNOVASTORE-NEW 
[2022-06-14T18:18:00.135Z]: Could not handle store creeping for category POWERGRIP-UUDET 
[2022-06-14T18:18:00.136Z]: Could not handle store creeping for category POWERGRIP-TULOSSA 
[2022-06-14T18:18:34.817Z]: [Discord]: Listening for event interactionCreate 
[2022-06-14T18:18:34.937Z]: [Discord]: Listening for event ready 
[2022-06-14T18:18:34.938Z]: [SCHEDULE-MDS]: Registering schedule job 
[2022-06-14T18:18:35.722Z]: [Discord]: Logged in as <986215798781661184> Kiekkokyylääjä#4406 
[2022-06-14T18:18:35.723Z]: [Discord]: Started refreshing application <986215798781661184> (/) commands. 
[2022-06-14T18:18:35.978Z]: [Discord]: Successfully reloaded application (/) commands. 
[2022-06-14T18:19:01.699Z]: [Discord]: Listening for event interactionCreate 
[2022-06-14T18:19:01.814Z]: [Discord]: Listening for event ready 
[2022-06-14T18:19:01.815Z]: [SCHEDULE-MDS]: Registering schedule job 
[2022-06-14T18:19:02.581Z]: [Discord]: Logged in as <986215798781661184> Kiekkokyylääjä#4406 
[2022-06-14T18:19:02.582Z]: [Discord]: Started refreshing application <986215798781661184> (/) commands. 
[2022-06-14T18:19:02.882Z]: [Discord]: Successfully reloaded application (/) commands. 
[2022-06-14T18:20:00.006Z]: [SCHEDULE-MDS]: Checking discgolf stores 
[2022-06-14T18:20:00.115Z]: [schedule]: Creeping category INNOVASTORE-SPECIALS 
[2022-06-14T18:20:00.124Z]: [schedule]: Creeping category INNOVASTORE-NEW 
[2022-06-14T18:20:00.128Z]: Could not handle store creeping for category POWERGRIP-UUDET 
[2022-06-14T18:20:00.128Z]: Could not handle store creeping for category POWERGRIP-TULOSSA 
[2022-06-14T18:20:55.911Z]: [Discord]: Listening for event interactionCreate 
[2022-06-14T18:20:56.031Z]: [Discord]: Listening for event ready 
[2022-06-14T18:20:56.032Z]: [SCHEDULE-MDS]: Registering schedule job 
[2022-06-14T18:20:56.763Z]: [Discord]: Logged in as <986215798781661184> Kiekkokyylääjä#4406 
[2022-06-14T18:20:56.764Z]: [Discord]: Started refreshing application <986215798781661184> (/) commands. 
[2022-06-14T18:20:57.013Z]: [Discord]: Successfully reloaded application (/) commands. 
[2022-06-14T18:21:00.011Z]: [SCHEDULE-MDS]: Checking discgolf stores 
[2022-06-14T18:21:00.116Z]: [schedule]: Creeping category INNOVASTORE-SPECIALS 
[2022-06-14T18:21:00.125Z]: [schedule]: Creeping category INNOVASTORE-NEW 
[2022-06-14T18:21:00.128Z]: Could not handle store creeping for category POWERGRIP-UUDET 
[2022-06-14T18:21:00.129Z]: Could not handle store creeping for category POWERGRIP-TULOSSA 
[2022-06-14T18:21:50.113Z]: [Discord]: Listening for event interactionCreate 
[2022-06-14T18:21:50.231Z]: [Discord]: Listening for event ready 
[2022-06-14T18:21:50.232Z]: [SCHEDULE-MDS]: Registering schedule job 
[2022-06-14T18:21:50.979Z]: [Discord]: Logged in as <986215798781661184> Kiekkokyylääjä#4406 
[2022-06-14T18:21:50.981Z]: [Discord]: Started refreshing application <986215798781661184> (/) commands. 
[2022-06-14T18:21:51.271Z]: [Discord]: Successfully reloaded application (/) commands. 
[2022-06-14T18:22:00.017Z]: [SCHEDULE-MDS]: Checking discgolf stores 
[2022-06-14T18:22:00.123Z]: [schedule]: Creeping category INNOVASTORE-SPECIALS 
[2022-06-14T18:22:00.132Z]: [schedule]: Creeping category INNOVASTORE-NEW 
[2022-06-14T18:22:00.136Z]: Could not handle store creeping for category POWERGRIP-UUDET 
[2022-06-14T18:22:00.137Z]: Could not handle store creeping for category POWERGRIP-TULOSSA 
[2022-06-14T18:23:04.757Z]: [Discord]: Listening for event interactionCreate 
[2022-06-14T18:23:04.881Z]: [Discord]: Listening for event ready 
[2022-06-14T18:23:04.881Z]: [SCHEDULE-MDS]: Registering schedule job 
[2022-06-14T18:23:05.626Z]: [Discord]: Logged in as <986215798781661184> Kiekkokyylääjä#4406 
[2022-06-14T18:23:05.627Z]: [Discord]: Started refreshing application <986215798781661184> (/) commands. 
[2022-06-14T18:23:05.897Z]: [Discord]: Successfully reloaded application (/) commands. 
[2022-06-14T18:24:00.015Z]: [SCHEDULE-MDS]: Checking discgolf stores 
[2022-06-14T18:24:00.125Z]: [schedule]: Creeping category INNOVASTORE-SPECIALS 
[2022-06-14T18:24:00.133Z]: [schedule]: Creeping category INNOVASTORE-NEW 
[2022-06-14T18:24:00.138Z]: Could not handle store creeping for category POWERGRIP-UUDET 
[2022-06-14T18:24:00.139Z]: Could not handle store creeping for category POWERGRIP-TULOSSA 
[2022-06-14T18:25:30.044Z]: [Discord]: Listening for event interactionCreate 
[2022-06-14T18:25:30.161Z]: [Discord]: Listening for event ready 
[2022-06-14T18:25:30.161Z]: [SCHEDULE-MDS]: Registering schedule job 
[2022-06-14T18:25:30.927Z]: [Discord]: Logged in as <986215798781661184> Kiekkokyylääjä#4406 
[2022-06-14T18:25:30.929Z]: [Discord]: Started refreshing application <986215798781661184> (/) commands. 
[2022-06-14T18:25:31.220Z]: [Discord]: Successfully reloaded application (/) commands. 
[2022-06-14T18:26:00.009Z]: [SCHEDULE-MDS]: Checking discgolf stores 
[2022-06-14T18:26:00.117Z]: [schedule]: Creeping category INNOVASTORE-SPECIALS 
[2022-06-14T18:26:00.126Z]: [schedule]: Creeping category INNOVASTORE-NEW 
[2022-06-14T18:26:00.130Z]: Could not handle store creeping for category POWERGRIP-UUDET 
[2022-06-14T18:26:00.131Z]: Could not handle store creeping for category POWERGRIP-TULOSSA 
[2022-06-14T18:28:05.424Z]: [Discord]: Listening for event interactionCreate 
[2022-06-14T18:28:05.542Z]: [Discord]: Listening for event ready 
[2022-06-14T18:28:05.543Z]: [SCHEDULE-MDS]: Registering schedule job 
[2022-06-14T18:28:06.369Z]: [Discord]: Logged in as <986215798781661184> Kiekkokyylääjä#4406 
[2022-06-14T18:28:06.370Z]: [Discord]: Started refreshing application <986215798781661184> (/) commands. 
[2022-06-14T18:28:06.649Z]: [Discord]: Successfully reloaded application (/) commands. 
[2022-06-14T18:29:00.016Z]: [SCHEDULE-MDS]: Checking discgolf stores 
[2022-06-14T18:29:00.126Z]: [schedule]: Creeping category INNOVASTORE-SPECIALS 
[2022-06-14T18:29:00.127Z]: [schedule]: Creeping category INNOVASTORE-NEW 
[2022-06-14T18:29:00.129Z]: Could not handle store creeping for category POWERGRIP-UUDET 
[2022-06-14T18:29:00.130Z]: Could not handle store creeping for category POWERGRIP-TULOSSA 
[2022-06-14T18:29:36.310Z]: [Discord]: Listening for event interactionCreate 
[2022-06-14T18:29:36.426Z]: [Discord]: Listening for event ready 
[2022-06-14T18:29:36.427Z]: [SCHEDULE-MDS]: Registering schedule job 
[2022-06-14T18:29:37.201Z]: [Discord]: Logged in as <986215798781661184> Kiekkokyylääjä#4406 
[2022-06-14T18:29:37.202Z]: [Discord]: Started refreshing application <986215798781661184> (/) commands. 
[2022-06-14T18:29:37.456Z]: [Discord]: Successfully reloaded application (/) commands. 
[2022-06-14T18:30:00.014Z]: [SCHEDULE-MDS]: Checking discgolf stores 
[2022-06-14T18:30:00.122Z]: [schedule]: Creeping category INNOVASTORE-SPECIALS 
[2022-06-14T18:30:00.125Z]: [schedule]: Creeping category INNOVASTORE-NEW 
[2022-06-14T18:30:00.126Z]: Could not handle store creeping for category POWERGRIP-UUDET 
[2022-06-14T18:30:00.127Z]: Could not handle store creeping for category POWERGRIP-TULOSSA 
[2022-06-14T18:31:00.004Z]: [SCHEDULE-MDS]: Checking discgolf stores 
[2022-06-14T18:31:00.004Z]: [schedule]: Creeping category INNOVASTORE-SPECIALS 
[2022-06-14T18:31:00.005Z]: [schedule]: Creeping category INNOVASTORE-NEW 
[2022-06-14T18:31:00.006Z]: Could not handle store creeping for category POWERGRIP-UUDET 
[2022-06-14T18:31:00.006Z]: Could not handle store creeping for category POWERGRIP-TULOSSA 
[2022-06-14T18:31:13.081Z]: [Discord]: Sunquist#Sunquist#1337[149583087859138560] is executing command valvo 
[2022-06-14T18:32:00.012Z]: [SCHEDULE-MDS]: Checking discgolf stores 
[2022-06-14T18:32:00.012Z]: [schedule]: Creeping category INNOVASTORE-SPECIALS 
[2022-06-14T18:32:00.013Z]: [schedule]: Creeping category INNOVASTORE-NEW 
[2022-06-14T18:32:00.014Z]: Could not handle store creeping for category POWERGRIP-UUDET 
[2022-06-14T18:32:00.014Z]: Could not handle store creeping for category POWERGRIP-TULOSSA 
[2022-06-14T18:32:57.755Z]: [Discord]: Listening for event interactionCreate 
[2022-06-14T18:32:57.871Z]: [Discord]: Listening for event ready 
[2022-06-14T18:32:57.872Z]: [SCHEDULE-MDS]: Registering schedule job 
[2022-06-14T18:32:58.884Z]: [Discord]: Logged in as <986215798781661184> Kiekkokyylääjä#4406 
[2022-06-14T18:32:58.885Z]: [Discord]: Started refreshing application <986215798781661184> (/) commands. 
[2022-06-14T18:32:59.112Z]: [Discord]: Successfully reloaded application (/) commands. 
[2022-06-14T18:33:00.008Z]: [SCHEDULE-MDS]: Checking discgolf stores 
[2022-06-14T18:33:00.113Z]: [schedule]: Creeping category INNOVASTORE-SPECIALS 
[2022-06-14T18:33:00.115Z]: [schedule]: Creeping category INNOVASTORE-NEW 
[2022-06-14T18:33:00.117Z]: Could not handle store creeping for category POWERGRIP-UUDET 
[2022-06-14T18:33:00.118Z]: Could not handle store creeping for category POWERGRIP-TULOSSA 
[2022-06-14T18:34:00.003Z]: [SCHEDULE-MDS]: Checking discgolf stores 
[2022-06-14T18:34:00.004Z]: [schedule]: Creeping category INNOVASTORE-SPECIALS 
[2022-06-14T18:34:00.004Z]: [schedule]: Creeping category INNOVASTORE-NEW 
[2022-06-14T18:34:00.005Z]: Could not handle store creeping for category POWERGRIP-UUDET 
[2022-06-14T18:34:00.005Z]: Could not handle store creeping for category POWERGRIP-TULOSSA 
[2022-06-14T18:34:47.575Z]: [Discord]: Listening for event interactionCreate 
[2022-06-14T18:34:47.692Z]: [Discord]: Listening for event ready 
[2022-06-14T18:34:47.692Z]: [SCHEDULE-MDS]: Registering schedule job 
[2022-06-14T18:34:48.489Z]: [Discord]: Logged in as <986215798781661184> Kiekkokyylääjä#4406 
[2022-06-14T18:34:48.490Z]: [Discord]: Started refreshing application <986215798781661184> (/) commands. 
[2022-06-14T18:34:48.747Z]: [Discord]: Successfully reloaded application (/) commands. 
[2022-06-14T18:35:00.012Z]: [SCHEDULE-MDS]: Checking discgolf stores 
[2022-06-14T18:35:00.118Z]: [schedule]: Creeping category INNOVASTORE-SPECIALS 
[2022-06-14T18:35:00.120Z]: [schedule]: Creeping category INNOVASTORE-NEW 
[2022-06-14T18:35:00.122Z]: Could not handle store creeping for category POWERGRIP-UUDET 
[2022-06-14T18:35:00.123Z]: Could not handle store creeping for category POWERGRIP-TULOSSA 
[2022-06-14T18:36:00.003Z]: [SCHEDULE-MDS]: Checking discgolf stores 
[2022-06-14T18:36:00.003Z]: [schedule]: Creeping category INNOVASTORE-SPECIALS 
[2022-06-14T18:36:00.004Z]: [schedule]: Creeping category INNOVASTORE-NEW 
[2022-06-14T18:36:00.004Z]: Could not handle store creeping for category POWERGRIP-UUDET 
[2022-06-14T18:36:00.005Z]: Could not handle store creeping for category POWERGRIP-TULOSSA 
[2022-06-14T18:37:00.018Z]: [SCHEDULE-MDS]: Checking discgolf stores 
[2022-06-14T18:37:00.018Z]: [schedule]: Creeping category INNOVASTORE-SPECIALS 
[2022-06-14T18:37:00.019Z]: [schedule]: Creeping category INNOVASTORE-NEW 
[2022-06-14T18:37:00.019Z]: Could not handle store creeping for category POWERGRIP-UUDET 
[2022-06-14T18:37:00.019Z]: Could not handle store creeping for category POWERGRIP-TULOSSA 
[2022-06-14T18:38:00.006Z]: [SCHEDULE-MDS]: Checking discgolf stores 
[2022-06-14T18:38:00.007Z]: [schedule]: Creeping category INNOVASTORE-SPECIALS 
[2022-06-14T18:38:00.007Z]: [schedule]: Creeping category INNOVASTORE-NEW 
[2022-06-14T18:38:00.008Z]: Could not handle store creeping for category POWERGRIP-UUDET 
[2022-06-14T18:38:00.009Z]: Could not handle store creeping for category POWERGRIP-TULOSSA 
[2022-06-14T18:39:00.011Z]: [SCHEDULE-MDS]: Checking discgolf stores 
[2022-06-14T18:39:00.011Z]: [schedule]: Creeping category INNOVASTORE-SPECIALS 
[2022-06-14T18:39:00.012Z]: [schedule]: Creeping category INNOVASTORE-NEW 
[2022-06-14T18:39:00.013Z]: Could not handle store creeping for category POWERGRIP-UUDET 
[2022-06-14T18:39:00.013Z]: Could not handle store creeping for category POWERGRIP-TULOSSA 
[2022-06-14T18:40:00.014Z]: [SCHEDULE-MDS]: Checking discgolf stores 
[2022-06-14T18:40:00.015Z]: [schedule]: Creeping category INNOVASTORE-SPECIALS 
[2022-06-14T18:40:00.015Z]: [schedule]: Creeping category INNOVASTORE-NEW 
[2022-06-14T18:40:00.016Z]: Could not handle store creeping for category POWERGRIP-UUDET 
[2022-06-14T18:40:00.016Z]: Could not handle store creeping for category POWERGRIP-TULOSSA 
[2022-06-14T18:41:00.004Z]: [SCHEDULE-MDS]: Checking discgolf stores 
[2022-06-14T18:41:00.005Z]: [schedule]: Creeping category INNOVASTORE-SPECIALS 
[2022-06-14T18:41:00.005Z]: [schedule]: Creeping category INNOVASTORE-NEW 
[2022-06-14T18:41:00.006Z]: Could not handle store creeping for category POWERGRIP-UUDET 
[2022-06-14T18:41:00.006Z]: Could not handle store creeping for category POWERGRIP-TULOSSA 
[2022-06-14T18:42:00.018Z]: [SCHEDULE-MDS]: Checking discgolf stores 
[2022-06-14T18:42:00.018Z]: [schedule]: Creeping category INNOVASTORE-SPECIALS 
[2022-06-14T18:42:00.019Z]: [schedule]: Creeping category INNOVASTORE-NEW 
[2022-06-14T18:42:00.019Z]: Could not handle store creeping for category POWERGRIP-UUDET 
[2022-06-14T18:42:00.020Z]: Could not handle store creeping for category POWERGRIP-TULOSSA 
[2022-06-14T18:43:00.011Z]: [SCHEDULE-MDS]: Checking discgolf stores 
[2022-06-14T18:43:00.011Z]: [schedule]: Creeping category INNOVASTORE-SPECIALS 
[2022-06-14T18:43:00.012Z]: [schedule]: Creeping category INNOVASTORE-NEW 
[2022-06-14T18:43:00.012Z]: Could not handle store creeping for category POWERGRIP-UUDET 
[2022-06-14T18:43:00.012Z]: Could not handle store creeping for category POWERGRIP-TULOSSA 
[2022-06-14T18:44:00.010Z]: [SCHEDULE-MDS]: Checking discgolf stores 
[2022-06-14T18:44:00.010Z]: [schedule]: Creeping category INNOVASTORE-SPECIALS 
[2022-06-14T18:44:00.011Z]: [schedule]: Creeping category INNOVASTORE-NEW 
[2022-06-14T18:44:00.011Z]: Could not handle store creeping for category POWERGRIP-UUDET 
[2022-06-14T18:44:00.012Z]: Could not handle store creeping for category POWERGRIP-TULOSSA 
[2022-06-14T19:20:56.517Z]: [Discord]: Listening for event interactionCreate 
[2022-06-14T19:20:58.833Z]: [Discord]: Listening for event ready 
[2022-06-14T19:20:58.839Z]: [SCHEDULE-MDS]: Registering schedule job 
[2022-06-14T19:20:59.631Z]: [Discord]: Logged in as <986215798781661184> Kiekkokyylääjä#4406 
[2022-06-14T19:20:59.633Z]: [Discord]: Started refreshing application <986215798781661184> (/) commands. 
[2022-06-14T19:20:59.906Z]: [Discord]: Successfully reloaded application (/) commands. 
[2022-06-14T19:21:00.010Z]: [SCHEDULE-MDS]: Checking discgolf stores 
[2022-06-14T19:21:00.123Z]: [schedule]: Creeping category INNOVASTORE-SPECIALS 
[2022-06-14T19:21:00.125Z]: [schedule]: Creeping category INNOVASTORE-NEW 
[2022-06-14T19:21:00.126Z]: Could not handle store creeping for category POWERGRIP-UUDET 
[2022-06-14T19:21:00.127Z]: Could not handle store creeping for category POWERGRIP-TULOSSA 
[2022-06-14T19:21:09.259Z]: [Discord]: Sunquist#Sunquist#1337[149583087859138560] is executing command valvo 
[2022-06-14T19:21:37.765Z]: [Discord]: Listening for event interactionCreate 
[2022-06-14T19:21:37.881Z]: [Discord]: Listening for event ready 
[2022-06-14T19:21:37.882Z]: [SCHEDULE-MDS]: Registering schedule job 
[2022-06-14T19:21:38.643Z]: [Discord]: Logged in as <986215798781661184> Kiekkokyylääjä#4406 
[2022-06-14T19:21:38.644Z]: [Discord]: Started refreshing application <986215798781661184> (/) commands. 
[2022-06-14T19:21:38.913Z]: [Discord]: Successfully reloaded application (/) commands. 
[2022-06-14T19:22:00.007Z]: [SCHEDULE-MDS]: Checking discgolf stores 
[2022-06-14T19:22:00.117Z]: [schedule]: Creeping category INNOVASTORE-SPECIALS 
[2022-06-14T19:22:00.119Z]: [schedule]: Creeping category INNOVASTORE-NEW 
[2022-06-14T19:22:00.121Z]: [schedule]: Creeping category POWERGRIP-UUDET 
[2022-06-14T19:22:00.124Z]: [schedule]: Creeping category POWERGRIP-TULOSSA 
[2022-06-14T19:22:23.544Z]: [Discord]: Listening for event interactionCreate 
[2022-06-14T19:22:23.661Z]: [Discord]: Listening for event ready 
[2022-06-14T19:22:23.662Z]: [SCHEDULE-MDS]: Registering schedule job 
[2022-06-14T19:22:24.449Z]: [Discord]: Logged in as <986215798781661184> Kiekkokyylääjä#4406 
[2022-06-14T19:22:24.450Z]: [Discord]: Started refreshing application <986215798781661184> (/) commands. 
[2022-06-14T19:22:24.707Z]: [Discord]: Successfully reloaded application (/) commands. 
[2022-06-14T19:23:00.013Z]: [SCHEDULE-MDS]: Checking discgolf stores 
[2022-06-14T19:23:00.121Z]: [schedule]: Creeping category INNOVASTORE-SPECIALS 
[2022-06-14T19:23:00.124Z]: [schedule]: Creeping category INNOVASTORE-NEW 
[2022-06-14T19:23:00.126Z]: [schedule]: Creeping category POWERGRIP-UUDET 
[2022-06-14T19:23:00.128Z]: [schedule]: Creeping category POWERGRIP-TULOSSA 
[2022-06-14T19:24:00.008Z]: [SCHEDULE-MDS]: Checking discgolf stores 
[2022-06-14T19:24:00.008Z]: [schedule]: Creeping category INNOVASTORE-SPECIALS 
[2022-06-14T19:24:00.009Z]: [schedule]: Creeping category INNOVASTORE-NEW 
[2022-06-14T19:24:00.009Z]: [schedule]: Creeping category POWERGRIP-UUDET 
[2022-06-14T19:24:00.010Z]: [schedule]: Creeping category POWERGRIP-TULOSSA 
[2022-06-14T19:25:00.005Z]: [SCHEDULE-MDS]: Checking discgolf stores 
[2022-06-14T19:25:00.006Z]: [schedule]: Creeping category INNOVASTORE-SPECIALS 
[2022-06-14T19:25:00.006Z]: [schedule]: Creeping category INNOVASTORE-NEW 
[2022-06-14T19:25:00.006Z]: [schedule]: Creeping category POWERGRIP-UUDET 
[2022-06-14T19:25:00.007Z]: [schedule]: Creeping category POWERGRIP-TULOSSA 
[2022-06-14T19:26:00.011Z]: [SCHEDULE-MDS]: Checking discgolf stores 
[2022-06-14T19:26:00.011Z]: [schedule]: Creeping category INNOVASTORE-SPECIALS 
[2022-06-14T19:26:00.012Z]: [schedule]: Creeping category INNOVASTORE-NEW 
[2022-06-14T19:26:00.012Z]: [schedule]: Creeping category POWERGRIP-UUDET 
[2022-06-14T19:26:00.012Z]: [schedule]: Creeping category POWERGRIP-TULOSSA 
